Using pre-set license
Built from '2020.2/release' branch; Version is '2020.2.2f1 (068178b99f32) revision 426360'; Using compiler version '192528614'; Build Type 'Release'
OS: 'Windows 10 Pro; OS build 19041.804; Version 2004; 64bit' Language: 'nl' Physical Memory: 16309 MB
BatchMode: 1, IsHumanControllingUs: 0, StartBugReporterOnCrash: 0, Is64bit: 1, IsPro: 0

 COMMAND LINE ARGUMENTS:
C:\Program Files\Unity\Hub\Editor\2020.2.2f1\Editor\Unity.exe
-adb2
-batchMode
-noUpm
-name
AssetImportWorker0
-projectPath
D:/Documents/unityProjects/Berend-Opdrachten/BerendDictionary
-logFile
Logs/AssetImportWorker0.log
-srvPort
56196
Successfully changed project path to: D:/Documents/unityProjects/Berend-Opdrachten/BerendDictionary
D:/Documents/unityProjects/Berend-Opdrachten/BerendDictionary
Using Asset Import Pipeline V2.
Refreshing native plugins compatible for Editor in 18.92 ms, found 0 plugins.
Preloading 0 native plugins for Editor in 0.00 ms.
Initialize engine version: 2020.2.2f1 (068178b99f32)
[Subsystems] Discovering subsystems at path C:/Program Files/Unity/Hub/Editor/2020.2.2f1/Editor/Data/Resources/UnitySubsystems
[Subsystems] Discovering subsystems at path D:/Documents/unityProjects/Berend-Opdrachten/BerendDictionary/Assets
GfxDevice: creating device client; threaded=0
Direct3D:
    Version:  Direct3D 11.0 [level 11.1]
    Renderer: NVIDIA GeForce RTX 2070 SUPER (ID=0x1e84)
    Vendor:   
    VRAM:     8011 MB
    Driver:   27.21.14.6079
Initialize mono
Mono path[0] = 'C:/Program Files/Unity/Hub/Editor/2020.2.2f1/Editor/Data/Managed'
Mono path[1] = 'C:/Program Files/Unity/Hub/Editor/2020.2.2f1/Editor/Data/MonoBleedingEdge/lib/mono/unityjit'
Mono config path = 'C:/Program Files/Unity/Hub/Editor/2020.2.2f1/Editor/Data/MonoBleedingEdge/etc'
Using monoOptions --debugger-agent=transport=dt_socket,embedding=1,server=y,suspend=n,address=127.0.0.1:56784
Begin MonoManager ReloadAssembly
Registering precompiled unity dll's ...
Register platform support module: C:/Program Files/Unity/Hub/Editor/2020.2.2f1/Editor/Data/PlaybackEngines/WebGLSupport/UnityEditor.WebGL.Extensions.dll
Register platform support module: C:/Program Files/Unity/Hub/Editor/2020.2.2f1/Editor/Data/PlaybackEngines/WindowsStandaloneSupport/UnityEditor.WindowsStandalone.Extensions.dll
Registered in 0.001913 seconds.
Native extension for WindowsStandalone target not found
Native extension for WebGL target not found
Refreshing native plugins compatible for Editor in 19.73 ms, found 0 plugins.
Preloading 0 native plugins for Editor in 0.00 ms.
Invoked RoslynAnalysisRunner static constructor.
RoslynAnalysisRunner will not be running.
RoslynAnalysisRunner has terminated.
Mono: successfully reloaded assembly
- Completed reload, in  0.867 seconds
Platform modules already initialized, skipping
Registering precompiled user dll's ...
Registered in 0.000354 seconds.
Begin MonoManager ReloadAssembly
Native extension for WindowsStandalone target not found
Native extension for WebGL target not found
Refreshing native plugins compatible for Editor in 0.20 ms, found 0 plugins.
Preloading 0 native plugins for Editor in 0.00 ms.
Invoked RoslynAnalysisRunner static constructor.
RoslynAnalysisRunner will not be running.
RoslynAnalysisRunner has terminated.
Mono: successfully reloaded assembly
- Completed reload, in  0.628 seconds
Platform modules already initialized, skipping
========================================================================
Worker process is ready to serve import requests
Launched and connected shader compiler UnityShaderCompiler.exe after 0.03 seconds
Refreshing native plugins compatible for Editor in 0.18 ms, found 0 plugins.
Preloading 0 native plugins for Editor in 0.00 ms.
Unloading 1099 Unused Serialized files (Serialized files now loaded: 0)
System memory in use before: 56.5 MB.
System memory in use after: 56.5 MB.

Unloading 10 unused Assets to reduce memory usage. Loaded Objects now: 1540.
Total: 1.691800 ms (FindLiveObjects: 0.177500 ms CreateObjectMapping: 0.031200 ms MarkObjects: 1.413400 ms  DeleteObjects: 0.068500 ms)

========================================================================
Received Import Request.
  path: Assets
  artifactKey: Guid(00000000000000001000000000000000) Importer(815301076,1909f56bfc062723c751e8b465ee728b)
Start importing Assets using Guid(00000000000000001000000000000000) Importer(815301076,1909f56bfc062723c751e8b465ee728b)  -> (artifact id: '4a6e520b92ccfc61bcfa21a7bcab8468') in 0.006638 seconds
  Import took 0.008301 seconds .

========================================================================
Received Import Request.
  Time since last request: 1.576138 seconds.
  path: Assets/Scripts
  artifactKey: Guid(d32c970baecba724d9f88b219179fc86) Importer(815301076,1909f56bfc062723c751e8b465ee728b)
Start importing Assets/Scripts using Guid(d32c970baecba724d9f88b219179fc86) Importer(815301076,1909f56bfc062723c751e8b465ee728b)  -> (artifact id: '174a8e62da35951ca34691cd4e91b073') in 0.004654 seconds
  Import took 0.006261 seconds .

========================================================================
Received Import Request.
  Time since last request: 0.000484 seconds.
  path: Assets/Scripts
  artifactKey: Guid(d32c970baecba724d9f88b219179fc86) Importer(815301076,1909f56bfc062723c751e8b465ee728b)
Start importing Assets/Scripts using Guid(d32c970baecba724d9f88b219179fc86) Importer(815301076,1909f56bfc062723c751e8b465ee728b)  -> (artifact id: '174a8e62da35951ca34691cd4e91b073') in 0.001749 seconds
  Import took 0.003326 seconds .

========================================================================
Received Import Request.
  Time since last request: 5.935029 seconds.
  path: Assets/Scripts/Wapen.cs
  artifactKey: Guid(aef8daaaf4c82f94fa801b834518de3c) Importer(815301076,1909f56bfc062723c751e8b465ee728b)
Start importing Assets/Scripts/Wapen.cs using Guid(aef8daaaf4c82f94fa801b834518de3c) Importer(815301076,1909f56bfc062723c751e8b465ee728b)  -> (artifact id: '70552f52927a29c37c7aa4e2769bfef6') in 0.023128 seconds
  Import took 0.024733 seconds .

========================================================================
Received Prepare
Registering precompiled user dll's ...
Registered in 0.000335 seconds.
Begin MonoManager ReloadAssembly
Native extension for WindowsStandalone target not found
Native extension for WebGL target not found
Refreshing native plugins compatible for Editor in 0.18 ms, found 0 plugins.
Preloading 0 native plugins for Editor in 0.00 ms.
Invoked RoslynAnalysisRunner static constructor.
RoslynAnalysisRunner will not be running.
RoslynAnalysisRunner has terminated.
Mono: successfully reloaded assembly
- Completed reload, in  0.598 seconds
Platform modules already initialized, skipping
Refreshing native plugins compatible for Editor in 0.19 ms, found 0 plugins.
Preloading 0 native plugins for Editor in 0.00 ms.
Unloading 1095 Unused Serialized files (Serialized files now loaded: 0)
System memory in use before: 56.5 MB.
System memory in use after: 56.6 MB.

Unloading 5 unused Assets to reduce memory usage. Loaded Objects now: 1543.
Total: 1.317600 ms (FindLiveObjects: 0.135600 ms CreateObjectMapping: 0.024600 ms MarkObjects: 1.112100 ms  DeleteObjects: 0.044500 ms)

========================================================================
Received Prepare
Registering precompiled user dll's ...
Registered in 0.000397 seconds.
Begin MonoManager ReloadAssembly
Native extension for WindowsStandalone target not found
Native extension for WebGL target not found
Refreshing native plugins compatible for Editor in 0.20 ms, found 0 plugins.
Preloading 0 native plugins for Editor in 0.00 ms.
Invoked RoslynAnalysisRunner static constructor.
RoslynAnalysisRunner will not be running.
RoslynAnalysisRunner has terminated.
Mono: successfully reloaded assembly
- Completed reload, in  0.608 seconds
Platform modules already initialized, skipping
Refreshing native plugins compatible for Editor in 0.17 ms, found 0 plugins.
Preloading 0 native plugins for Editor in 0.00 ms.
Unloading 1095 Unused Serialized files (Serialized files now loaded: 0)
System memory in use before: 56.6 MB.
System memory in use after: 56.7 MB.

Unloading 5 unused Assets to reduce memory usage. Loaded Objects now: 1545.
Total: 1.259600 ms (FindLiveObjects: 0.111200 ms CreateObjectMapping: 0.025200 ms MarkObjects: 1.087100 ms  DeleteObjects: 0.035400 ms)

========================================================================
Received Import Request.
  Time since last request: 88.438982 seconds.
  path: Assets/Scripts/PlayerInventory.cs
  artifactKey: Guid(dde68282c794dfd40a2e645c03100827) Importer(815301076,1909f56bfc062723c751e8b465ee728b)
Start importing Assets/Scripts/PlayerInventory.cs using Guid(dde68282c794dfd40a2e645c03100827) Importer(815301076,1909f56bfc062723c751e8b465ee728b)  -> (artifact id: 'f9c870f08a93acb3294b03b5c19e9c17') in 0.006688 seconds
  Import took 0.008709 seconds .

========================================================================
Received Prepare
Registering precompiled user dll's ...
Registered in 0.000384 seconds.
Begin MonoManager ReloadAssembly
Native extension for WindowsStandalone target not found
Native extension for WebGL target not found
Refreshing native plugins compatible for Editor in 0.18 ms, found 0 plugins.
Preloading 0 native plugins for Editor in 0.00 ms.
Invoked RoslynAnalysisRunner static constructor.
RoslynAnalysisRunner will not be running.
RoslynAnalysisRunner has terminated.
Mono: successfully reloaded assembly
- Completed reload, in  0.634 seconds
Platform modules already initialized, skipping
Refreshing native plugins compatible for Editor in 0.20 ms, found 0 plugins.
Preloading 0 native plugins for Editor in 0.00 ms.
Unloading 1096 Unused Serialized files (Serialized files now loaded: 0)
System memory in use before: 56.7 MB.
System memory in use after: 56.8 MB.

Unloading 5 unused Assets to reduce memory usage. Loaded Objects now: 1548.
Total: 1.607100 ms (FindLiveObjects: 0.201100 ms CreateObjectMapping: 0.037200 ms MarkObjects: 1.320300 ms  DeleteObjects: 0.047700 ms)

========================================================================
Received Import Request.
  Time since last request: 12.560610 seconds.
  path: Assets/Scripts/PlayerInventory.cs
  artifactKey: Guid(dde68282c794dfd40a2e645c03100827) Importer(815301076,1909f56bfc062723c751e8b465ee728b)
Start importing Assets/Scripts/PlayerInventory.cs using Guid(dde68282c794dfd40a2e645c03100827) Importer(815301076,1909f56bfc062723c751e8b465ee728b)  -> (artifact id: '173b916fc76d10c7ff318b8ace398708') in 0.003947 seconds
  Import took 0.005672 seconds .

========================================================================
Received Import Request.
  Time since last request: 4.687415 seconds.
  path: Assets/Scripts/Item.cs
  artifactKey: Guid(ee2e4f4b180ceaa47ab2374cb916c7e4) Importer(815301076,1909f56bfc062723c751e8b465ee728b)
Start importing Assets/Scripts/Item.cs using Guid(ee2e4f4b180ceaa47ab2374cb916c7e4) Importer(815301076,1909f56bfc062723c751e8b465ee728b)  -> (artifact id: '8cc22be642b305b3888a182dbbcc1ac4') in 0.006815 seconds
  Import took 0.110772 seconds .

========================================================================
Received Import Request.
  Time since last request: 26.687571 seconds.
  path: Assets/Scripts/Item.cs
  artifactKey: Guid(ee2e4f4b180ceaa47ab2374cb916c7e4) Importer(815301076,1909f56bfc062723c751e8b465ee728b)
Start importing Assets/Scripts/Item.cs using Guid(ee2e4f4b180ceaa47ab2374cb916c7e4) Importer(815301076,1909f56bfc062723c751e8b465ee728b)  -> (artifact id: '7213c95b41554dfcce315f3c71bb33e0') in 0.001980 seconds
  Import took 0.011432 seconds .

========================================================================
Received Import Request.
  Time since last request: 7.468147 seconds.
  path: Assets/Scripts/Item.cs
  artifactKey: Guid(ee2e4f4b180ceaa47ab2374cb916c7e4) Importer(815301076,1909f56bfc062723c751e8b465ee728b)
Start importing Assets/Scripts/Item.cs using Guid(ee2e4f4b180ceaa47ab2374cb916c7e4) Importer(815301076,1909f56bfc062723c751e8b465ee728b)  -> (artifact id: '23d10bbff60cf2ba7d30a118f0020425') in 0.001800 seconds
  Import took 0.003665 seconds .

========================================================================
Received Import Request.
  Time since last request: 1.203827 seconds.
  path: Assets/Scripts/Item.cs
  artifactKey: Guid(ee2e4f4b180ceaa47ab2374cb916c7e4) Importer(815301076,1909f56bfc062723c751e8b465ee728b)
Start importing Assets/Scripts/Item.cs using Guid(ee2e4f4b180ceaa47ab2374cb916c7e4) Importer(815301076,1909f56bfc062723c751e8b465ee728b)  -> (artifact id: 'e3a16e231f3a3794a2ee12a7be0bf05d') in 0.002155 seconds
  Import took 0.004223 seconds .

========================================================================
Received Import Request.
  Time since last request: 4.561857 seconds.
  path: Assets/Scripts/Item.cs
  artifactKey: Guid(ee2e4f4b180ceaa47ab2374cb916c7e4) Importer(815301076,1909f56bfc062723c751e8b465ee728b)
Start importing Assets/Scripts/Item.cs using Guid(ee2e4f4b180ceaa47ab2374cb916c7e4) Importer(815301076,1909f56bfc062723c751e8b465ee728b)  -> (artifact id: '0919cf7d0ca093104486fe5f3ef630e1') in 0.001930 seconds
  Import took 0.003503 seconds .

========================================================================
Received Import Request.
  Time since last request: 34.606583 seconds.
  path: Assets/Scripts/Item.cs
  artifactKey: Guid(ee2e4f4b180ceaa47ab2374cb916c7e4) Importer(815301076,1909f56bfc062723c751e8b465ee728b)
Start importing Assets/Scripts/Item.cs using Guid(ee2e4f4b180ceaa47ab2374cb916c7e4) Importer(815301076,1909f56bfc062723c751e8b465ee728b)  -> (artifact id: 'fc163027c3365dcf135147aeb3511739') in 0.001799 seconds
  Import took 0.003483 seconds .

========================================================================
Received Import Request.
  Time since last request: 124.450965 seconds.
  path: Assets/Scripts/Wapons
  artifactKey: Guid(f4b91372434c5fe4187bd0d10265d9d9) Importer(815301076,1909f56bfc062723c751e8b465ee728b)
Start importing Assets/Scripts/Wapons using Guid(f4b91372434c5fe4187bd0d10265d9d9) Importer(815301076,1909f56bfc062723c751e8b465ee728b)  -> (artifact id: '4ee4e5744b1ffcaed161ee5100f14a6e') in 0.005460 seconds
  Import took 0.007498 seconds .

========================================================================
Received Import Request.
  Time since last request: 0.000716 seconds.
  path: Assets/Scripts/Wapons
  artifactKey: Guid(f4b91372434c5fe4187bd0d10265d9d9) Importer(815301076,1909f56bfc062723c751e8b465ee728b)
Start importing Assets/Scripts/Wapons using Guid(f4b91372434c5fe4187bd0d10265d9d9) Importer(815301076,1909f56bfc062723c751e8b465ee728b)  -> (artifact id: '4ee4e5744b1ffcaed161ee5100f14a6e') in 0.001905 seconds
  Import took 0.003609 seconds .

========================================================================
Received Import Request.
  Time since last request: 5.504395 seconds.
  path: Assets/Scripts/Wapons/Handgun.cs
  artifactKey: Guid(a0a247c060180ab468940186a8fb9573) Importer(815301076,1909f56bfc062723c751e8b465ee728b)
Start importing Assets/Scripts/Wapons/Handgun.cs using Guid(a0a247c060180ab468940186a8fb9573) Importer(815301076,1909f56bfc062723c751e8b465ee728b)  -> (artifact id: 'f9ba62062880f2a0f342938f3bda190e') in 0.005460 seconds
  Import took 0.007156 seconds .

========================================================================
Received Import Request.
  Time since last request: 15.434148 seconds.
  path: Assets/Scripts/Wapons/Handgun.cs
  artifactKey: Guid(a0a247c060180ab468940186a8fb9573) Importer(815301076,1909f56bfc062723c751e8b465ee728b)
Start importing Assets/Scripts/Wapons/Handgun.cs using Guid(a0a247c060180ab468940186a8fb9573) Importer(815301076,1909f56bfc062723c751e8b465ee728b)  -> (artifact id: '09cb869c8b3a5910c22a49b35fc3ac29') in 0.002281 seconds
  Import took 0.004279 seconds .

========================================================================
Received Prepare
Registering precompiled user dll's ...
Registered in 0.000313 seconds.
Begin MonoManager ReloadAssembly
Native extension for WindowsStandalone target not found
Native extension for WebGL target not found
Refreshing native plugins compatible for Editor in 0.19 ms, found 0 plugins.
Preloading 0 native plugins for Editor in 0.00 ms.
Invoked RoslynAnalysisRunner static constructor.
RoslynAnalysisRunner will not be running.
RoslynAnalysisRunner has terminated.
Mono: successfully reloaded assembly
- Completed reload, in  0.582 seconds
Platform modules already initialized, skipping
Refreshing native plugins compatible for Editor in 0.19 ms, found 0 plugins.
Preloading 0 native plugins for Editor in 0.00 ms.
Unloading 1098 Unused Serialized files (Serialized files now loaded: 0)
System memory in use before: 56.9 MB.
System memory in use after: 56.9 MB.

Unloading 5 unused Assets to reduce memory usage. Loaded Objects now: 1552.
Total: 1.467900 ms (FindLiveObjects: 0.127000 ms CreateObjectMapping: 0.022200 ms MarkObjects: 1.278500 ms  DeleteObjects: 0.039200 ms)

========================================================================
Received Import Request.
  Time since last request: 68.621457 seconds.
  path: Assets/Scripts/Wapen.cs
  artifactKey: Guid(aef8daaaf4c82f94fa801b834518de3c) Importer(815301076,1909f56bfc062723c751e8b465ee728b)
Start importing Assets/Scripts/Wapen.cs using Guid(aef8daaaf4c82f94fa801b834518de3c) Importer(815301076,1909f56bfc062723c751e8b465ee728b)  -> (artifact id: '450a8214051a1984e0667f481a30ddb2') in 0.003380 seconds
  Import took 0.005355 seconds .

========================================================================
Received Import Request.
  Time since last request: 0.987597 seconds.
  path: Assets/Scripts/PlayerInventory.cs
  artifactKey: Guid(dde68282c794dfd40a2e645c03100827) Importer(815301076,1909f56bfc062723c751e8b465ee728b)
Start importing Assets/Scripts/PlayerInventory.cs using Guid(dde68282c794dfd40a2e645c03100827) Importer(815301076,1909f56bfc062723c751e8b465ee728b)  -> (artifact id: '7126b4ed88e1877c546da2bb56e03b61') in 0.001692 seconds
  Import took 0.003340 seconds .

========================================================================
Received Import Request.
  Time since last request: 72.742487 seconds.
  path: Assets/Scripts/PlayerInventory.cs
  artifactKey: Guid(dde68282c794dfd40a2e645c03100827) Importer(815301076,1909f56bfc062723c751e8b465ee728b)
Start importing Assets/Scripts/PlayerInventory.cs using Guid(dde68282c794dfd40a2e645c03100827) Importer(815301076,1909f56bfc062723c751e8b465ee728b)  -> (artifact id: '59094d09124454b115071da969f35f5a') in 0.001702 seconds
  Import took 0.003907 seconds .

========================================================================
Received Prepare
Registering precompiled user dll's ...
Registered in 0.000405 seconds.
Begin MonoManager ReloadAssembly
Native extension for WindowsStandalone target not found
Native extension for WebGL target not found
Refreshing native plugins compatible for Editor in 0.19 ms, found 0 plugins.
Preloading 0 native plugins for Editor in 0.00 ms.
Invoked RoslynAnalysisRunner static constructor.
RoslynAnalysisRunner will not be running.
RoslynAnalysisRunner has terminated.
Mono: successfully reloaded assembly
- Completed reload, in  0.581 seconds
Platform modules already initialized, skipping
Refreshing native plugins compatible for Editor in 0.17 ms, found 0 plugins.
Preloading 0 native plugins for Editor in 0.00 ms.
Unloading 1095 Unused Serialized files (Serialized files now loaded: 0)
System memory in use before: 56.9 MB.
System memory in use after: 56.9 MB.

Unloading 8 unused Assets to reduce memory usage. Loaded Objects now: 1551.
Total: 1.505100 ms (FindLiveObjects: 0.134200 ms CreateObjectMapping: 0.023500 ms MarkObjects: 1.297200 ms  DeleteObjects: 0.049100 ms)

========================================================================
Received Import Request.
  Time since last request: 23.272648 seconds.
  path: Assets/Scripts/PlayerInventory2.cs
  artifactKey: Guid(8830d624d6aa16043a9591aa5144167a) Importer(815301076,1909f56bfc062723c751e8b465ee728b)
Start importing Assets/Scripts/PlayerInventory2.cs using Guid(8830d624d6aa16043a9591aa5144167a) Importer(815301076,1909f56bfc062723c751e8b465ee728b)  -> (artifact id: '8675786a1864f13b28b5c04e4100c1da') in 0.006473 seconds
  Import took 0.008134 seconds .

========================================================================
Received Prepare
Registering precompiled user dll's ...
Registered in 0.000394 seconds.
Begin MonoManager ReloadAssembly
Native extension for WindowsStandalone target not found
Native extension for WebGL target not found
Refreshing native plugins compatible for Editor in 0.18 ms, found 0 plugins.
Preloading 0 native plugins for Editor in 0.00 ms.
Invoked RoslynAnalysisRunner static constructor.
RoslynAnalysisRunner will not be running.
RoslynAnalysisRunner has terminated.
Mono: successfully reloaded assembly
- Completed reload, in  0.590 seconds
Platform modules already initialized, skipping
Refreshing native plugins compatible for Editor in 0.18 ms, found 0 plugins.
Preloading 0 native plugins for Editor in 0.00 ms.
Unloading 1096 Unused Serialized files (Serialized files now loaded: 0)
System memory in use before: 57.0 MB.
System memory in use after: 57.0 MB.

Unloading 5 unused Assets to reduce memory usage. Loaded Objects now: 1554.
Total: 1.627300 ms (FindLiveObjects: 0.157200 ms CreateObjectMapping: 0.029500 ms MarkObjects: 1.399700 ms  DeleteObjects: 0.039700 ms)

========================================================================
Received Import Request.
  Time since last request: 58.570438 seconds.
  path: Assets/Scripts/PlayerInventory2.cs
  artifactKey: Guid(8830d624d6aa16043a9591aa5144167a) Importer(815301076,1909f56bfc062723c751e8b465ee728b)
Start importing Assets/Scripts/PlayerInventory2.cs using Guid(8830d624d6aa16043a9591aa5144167a) Importer(815301076,1909f56bfc062723c751e8b465ee728b)  -> (artifact id: 'df4d6bbba6e2f3591a6b6b8666676a6c') in 0.003729 seconds
  Import took 0.005421 seconds .

========================================================================
Received Prepare
Registering precompiled user dll's ...
Registered in 0.000398 seconds.
Begin MonoManager ReloadAssembly
Native extension for WindowsStandalone target not found
Native extension for WebGL target not found
Refreshing native plugins compatible for Editor in 0.20 ms, found 0 plugins.
Preloading 0 native plugins for Editor in 0.00 ms.
Invoked RoslynAnalysisRunner static constructor.
RoslynAnalysisRunner will not be running.
RoslynAnalysisRunner has terminated.
Mono: successfully reloaded assembly
- Completed reload, in  0.601 seconds
Platform modules already initialized, skipping
Refreshing native plugins compatible for Editor in 0.17 ms, found 0 plugins.
Preloading 0 native plugins for Editor in 0.00 ms.
Unloading 1096 Unused Serialized files (Serialized files now loaded: 0)
System memory in use before: 57.0 MB.
System memory in use after: 57.1 MB.

Unloading 5 unused Assets to reduce memory usage. Loaded Objects now: 1556.
Total: 1.401500 ms (FindLiveObjects: 0.166300 ms CreateObjectMapping: 0.027900 ms MarkObjects: 1.159400 ms  DeleteObjects: 0.047000 ms)

========================================================================
Received Import Request.
  Time since last request: 36.063599 seconds.
  path: Assets/Scripts/PlayerInventory2.cs
  artifactKey: Guid(8830d624d6aa16043a9591aa5144167a) Importer(815301076,1909f56bfc062723c751e8b465ee728b)
Start importing Assets/Scripts/PlayerInventory2.cs using Guid(8830d624d6aa16043a9591aa5144167a) Importer(815301076,1909f56bfc062723c751e8b465ee728b)  -> (artifact id: '4c8ad9ef3a52afd700e7b93f7bedb52f') in 0.003666 seconds
  Import took 0.005610 seconds .

========================================================================
Received Prepare
Registering precompiled user dll's ...
Registered in 0.000352 seconds.
Begin MonoManager ReloadAssembly
Native extension for WindowsStandalone target not found
Native extension for WebGL target not found
Refreshing native plugins compatible for Editor in 0.20 ms, found 0 plugins.
Preloading 0 native plugins for Editor in 0.00 ms.
Invoked RoslynAnalysisRunner static constructor.
RoslynAnalysisRunner will not be running.
RoslynAnalysisRunner has terminated.
Mono: successfully reloaded assembly
- Completed reload, in  0.617 seconds
Platform modules already initialized, skipping
Refreshing native plugins compatible for Editor in 0.18 ms, found 0 plugins.
Preloading 0 native plugins for Editor in 0.00 ms.
Unloading 1096 Unused Serialized files (Serialized files now loaded: 0)
System memory in use before: 57.1 MB.
System memory in use after: 57.2 MB.

Unloading 5 unused Assets to reduce memory usage. Loaded Objects now: 1558.
Total: 2.251200 ms (FindLiveObjects: 0.335700 ms CreateObjectMapping: 0.042100 ms MarkObjects: 1.794400 ms  DeleteObjects: 0.076400 ms)

========================================================================
Received Import Request.
  Time since last request: 17.888629 seconds.
  path: Assets/Scripts/InventoryOpdracht3.cs
  artifactKey: Guid(abaf90e1bccbefc4d94005d4a162d76f) Importer(815301076,1909f56bfc062723c751e8b465ee728b)
Start importing Assets/Scripts/InventoryOpdracht3.cs using Guid(abaf90e1bccbefc4d94005d4a162d76f) Importer(815301076,1909f56bfc062723c751e8b465ee728b)  -> (artifact id: '8597d0bfd114f53ac22dcbe4f8f8e3ef') in 0.006997 seconds
  Import took 0.008741 seconds .

========================================================================
Received Prepare
Registering precompiled user dll's ...
Registered in 0.000388 seconds.
Begin MonoManager ReloadAssembly
Native extension for WindowsStandalone target not found
Native extension for WebGL target not found
Refreshing native plugins compatible for Editor in 0.18 ms, found 0 plugins.
Preloading 0 native plugins for Editor in 0.00 ms.
Invoked RoslynAnalysisRunner static constructor.
RoslynAnalysisRunner will not be running.
RoslynAnalysisRunner has terminated.
Mono: successfully reloaded assembly
- Completed reload, in  0.586 seconds
Platform modules already initialized, skipping
Refreshing native plugins compatible for Editor in 0.18 ms, found 0 plugins.
Preloading 0 native plugins for Editor in 0.00 ms.
Unloading 1097 Unused Serialized files (Serialized files now loaded: 0)
System memory in use before: 57.2 MB.
System memory in use after: 57.3 MB.

Unloading 5 unused Assets to reduce memory usage. Loaded Objects now: 1561.
Total: 1.437400 ms (FindLiveObjects: 0.131100 ms CreateObjectMapping: 0.024700 ms MarkObjects: 1.243300 ms  DeleteObjects: 0.037300 ms)

========================================================================
Received Import Request.
  Time since last request: 154.449223 seconds.
  path: Assets/Scripts/InventoryOpdracht3.cs
  artifactKey: Guid(abaf90e1bccbefc4d94005d4a162d76f) Importer(815301076,1909f56bfc062723c751e8b465ee728b)
Start importing Assets/Scripts/InventoryOpdracht3.cs using Guid(abaf90e1bccbefc4d94005d4a162d76f) Importer(815301076,1909f56bfc062723c751e8b465ee728b)  -> (artifact id: '9d69f99f2a6bc9120c5b8d228936b929') in 0.003680 seconds
  Import took 0.006120 seconds .

========================================================================
Received Import Request.
  Time since last request: 81.870572 seconds.
  path: Assets/Scripts/InventoryOpdracht3.cs
  artifactKey: Guid(abaf90e1bccbefc4d94005d4a162d76f) Importer(815301076,1909f56bfc062723c751e8b465ee728b)
Start importing Assets/Scripts/InventoryOpdracht3.cs using Guid(abaf90e1bccbefc4d94005d4a162d76f) Importer(815301076,1909f56bfc062723c751e8b465ee728b)  -> (artifact id: '448d619337f3f706dc57d2d4b33240c5') in 0.001933 seconds
  Import took 0.003632 seconds .

========================================================================
Received Prepare
Registering precompiled user dll's ...
Registered in 0.000382 seconds.
Begin MonoManager ReloadAssembly
Native extension for WindowsStandalone target not found
Native extension for WebGL target not found
Refreshing native plugins compatible for Editor in 0.19 ms, found 0 plugins.
Preloading 0 native plugins for Editor in 0.00 ms.
Invoked RoslynAnalysisRunner static constructor.
RoslynAnalysisRunner will not be running.
RoslynAnalysisRunner has terminated.
Mono: successfully reloaded assembly
- Completed reload, in  0.601 seconds
Platform modules already initialized, skipping
Refreshing native plugins compatible for Editor in 0.18 ms, found 0 plugins.
Preloading 0 native plugins for Editor in 0.00 ms.
Unloading 1097 Unused Serialized files (Serialized files now loaded: 0)
System memory in use before: 57.3 MB.
System memory in use after: 57.3 MB.

Unloading 5 unused Assets to reduce memory usage. Loaded Objects now: 1563.
Total: 1.530900 ms (FindLiveObjects: 0.144800 ms CreateObjectMapping: 0.028500 ms MarkObjects: 1.317000 ms  DeleteObjects: 0.039600 ms)

========================================================================
Received Import Request.
  Time since last request: 64.617688 seconds.
  path: Assets/Scripts/InventoryOpdracht3.cs
  artifactKey: Guid(abaf90e1bccbefc4d94005d4a162d76f) Importer(815301076,1909f56bfc062723c751e8b465ee728b)
Start importing Assets/Scripts/InventoryOpdracht3.cs using Guid(abaf90e1bccbefc4d94005d4a162d76f) Importer(815301076,1909f56bfc062723c751e8b465ee728b)  -> (artifact id: 'b7f79d1ef074a8c1963c8e3a15245541') in 0.003604 seconds
  Import took 0.006340 seconds .

========================================================================
Received Import Request.
  Time since last request: 2.689093 seconds.
  path: Assets/Scripts/InventoryOpdracht3.cs
  artifactKey: Guid(abaf90e1bccbefc4d94005d4a162d76f) Importer(815301076,1909f56bfc062723c751e8b465ee728b)
Start importing Assets/Scripts/InventoryOpdracht3.cs using Guid(abaf90e1bccbefc4d94005d4a162d76f) Importer(815301076,1909f56bfc062723c751e8b465ee728b)  -> (artifact id: '7020c75cecba7f97c0650556eb46c9c4') in 0.001756 seconds
  Import took 0.003470 seconds .

========================================================================
Received Prepare
Registering precompiled user dll's ...
Registered in 0.000344 seconds.
Begin MonoManager ReloadAssembly
Native extension for WindowsStandalone target not found
Native extension for WebGL target not found
Refreshing native plugins compatible for Editor in 0.19 ms, found 0 plugins.
Preloading 0 native plugins for Editor in 0.00 ms.
Invoked RoslynAnalysisRunner static constructor.
RoslynAnalysisRunner will not be running.
RoslynAnalysisRunner has terminated.
Mono: successfully reloaded assembly
- Completed reload, in  0.582 seconds
Platform modules already initialized, skipping
Refreshing native plugins compatible for Editor in 0.18 ms, found 0 plugins.
Preloading 0 native plugins for Editor in 0.00 ms.
Unloading 1097 Unused Serialized files (Serialized files now loaded: 0)
System memory in use before: 57.3 MB.
System memory in use after: 57.4 MB.

Unloading 5 unused Assets to reduce memory usage. Loaded Objects now: 1565.
Total: 1.581300 ms (FindLiveObjects: 0.152700 ms CreateObjectMapping: 0.031500 ms MarkObjects: 1.306900 ms  DeleteObjects: 0.089200 ms)

========================================================================
Received Import Request.
  Time since last request: 5.538380 seconds.
  path: Assets/Scripts/InventoryOpdracht3.cs
  artifactKey: Guid(abaf90e1bccbefc4d94005d4a162d76f) Importer(815301076,1909f56bfc062723c751e8b465ee728b)
Start importing Assets/Scripts/InventoryOpdracht3.cs using Guid(abaf90e1bccbefc4d94005d4a162d76f) Importer(815301076,1909f56bfc062723c751e8b465ee728b)  -> (artifact id: 'ba93c518fa2cfb1def01fdbfc271700b') in 0.003305 seconds
  Import took 0.004981 seconds .

========================================================================
Received Prepare
Registering precompiled user dll's ...
Registered in 0.000387 seconds.
Begin MonoManager ReloadAssembly
Native extension for WindowsStandalone target not found
Native extension for WebGL target not found
Refreshing native plugins compatible for Editor in 0.18 ms, found 0 plugins.
Preloading 0 native plugins for Editor in 0.00 ms.
Invoked RoslynAnalysisRunner static constructor.
RoslynAnalysisRunner will not be running.
RoslynAnalysisRunner has terminated.
Mono: successfully reloaded assembly
- Completed reload, in  0.568 seconds
Platform modules already initialized, skipping
Refreshing native plugins compatible for Editor in 0.18 ms, found 0 plugins.
Preloading 0 native plugins for Editor in 0.00 ms.
Unloading 1097 Unused Serialized files (Serialized files now loaded: 0)
System memory in use before: 57.4 MB.
System memory in use after: 57.5 MB.

Unloading 5 unused Assets to reduce memory usage. Loaded Objects now: 1567.
Total: 1.619000 ms (FindLiveObjects: 0.152400 ms CreateObjectMapping: 0.028500 ms MarkObjects: 1.390800 ms  DeleteObjects: 0.045800 ms)

========================================================================
Received Import Request.
  Time since last request: 44.413685 seconds.
  path: Assets/Scripts/InventoryOpdracht3.cs
  artifactKey: Guid(abaf90e1bccbefc4d94005d4a162d76f) Importer(815301076,1909f56bfc062723c751e8b465ee728b)
Start importing Assets/Scripts/InventoryOpdracht3.cs using Guid(abaf90e1bccbefc4d94005d4a162d76f) Importer(815301076,1909f56bfc062723c751e8b465ee728b)  -> (artifact id: 'a0ae123a288e82dad2abce528e6565df') in 0.004037 seconds
  Import took 0.005738 seconds .

========================================================================
Received Prepare
Registering precompiled user dll's ...
Registered in 0.000371 seconds.
Begin MonoManager ReloadAssembly
Native extension for WindowsStandalone target not found
Native extension for WebGL target not found
Refreshing native plugins compatible for Editor in 0.18 ms, found 0 plugins.
Preloading 0 native plugins for Editor in 0.00 ms.
Invoked RoslynAnalysisRunner static constructor.
RoslynAnalysisRunner will not be running.
RoslynAnalysisRunner has terminated.
Mono: successfully reloaded assembly
- Completed reload, in  0.587 seconds
Platform modules already initialized, skipping
Refreshing native plugins compatible for Editor in 0.19 ms, found 0 plugins.
Preloading 0 native plugins for Editor in 0.00 ms.
Unloading 1097 Unused Serialized files (Serialized files now loaded: 0)
System memory in use before: 57.5 MB.
System memory in use after: 57.6 MB.

Unloading 5 unused Assets to reduce memory usage. Loaded Objects now: 1569.
Total: 1.528000 ms (FindLiveObjects: 0.204200 ms CreateObjectMapping: 0.030200 ms MarkObjects: 1.237900 ms  DeleteObjects: 0.054700 ms)

========================================================================
Received Import Request.
  Time since last request: 4.109079 seconds.
  path: Assets/Scripts/InventoryOpdracht3.cs
  artifactKey: Guid(abaf90e1bccbefc4d94005d4a162d76f) Importer(815301076,1909f56bfc062723c751e8b465ee728b)
Start importing Assets/Scripts/InventoryOpdracht3.cs using Guid(abaf90e1bccbefc4d94005d4a162d76f) Importer(815301076,1909f56bfc062723c751e8b465ee728b)  -> (artifact id: '5c633cb0ddde576426332853503fdf79') in 0.003701 seconds
  Import took 0.005829 seconds .

========================================================================
Received Prepare
Registering precompiled user dll's ...
Registered in 0.000368 seconds.
Begin MonoManager ReloadAssembly
Native extension for WindowsStandalone target not found
Native extension for WebGL target not found
Refreshing native plugins compatible for Editor in 0.18 ms, found 0 plugins.
Preloading 0 native plugins for Editor in 0.00 ms.
Invoked RoslynAnalysisRunner static constructor.
RoslynAnalysisRunner will not be running.
RoslynAnalysisRunner has terminated.
Mono: successfully reloaded assembly
- Completed reload, in  0.585 seconds
Platform modules already initialized, skipping
Refreshing native plugins compatible for Editor in 0.18 ms, found 0 plugins.
Preloading 0 native plugins for Editor in 0.00 ms.
Unloading 1097 Unused Serialized files (Serialized files now loaded: 0)
System memory in use before: 57.5 MB.
System memory in use after: 57.6 MB.

Unloading 5 unused Assets to reduce memory usage. Loaded Objects now: 1571.
Total: 1.469200 ms (FindLiveObjects: 0.134700 ms CreateObjectMapping: 0.022700 ms MarkObjects: 1.269000 ms  DeleteObjects: 0.040900 ms)

========================================================================
Received Import Request.
  Time since last request: 61.598834 seconds.
  path: Assets/Scripts/InventoryOpdracht3.cs
  artifactKey: Guid(abaf90e1bccbefc4d94005d4a162d76f) Importer(815301076,1909f56bfc062723c751e8b465ee728b)
Start importing Assets/Scripts/InventoryOpdracht3.cs using Guid(abaf90e1bccbefc4d94005d4a162d76f) Importer(815301076,1909f56bfc062723c751e8b465ee728b)  -> (artifact id: '602b6714955a7463b2e3e2feee733895') in 0.003619 seconds
  Import took 0.005573 seconds .

========================================================================
Received Prepare
Registering precompiled user dll's ...
Registered in 0.000363 seconds.
Begin MonoManager ReloadAssembly
Native extension for WindowsStandalone target not found
Native extension for WebGL target not found
Refreshing native plugins compatible for Editor in 0.19 ms, found 0 plugins.
Preloading 0 native plugins for Editor in 0.00 ms.
Invoked RoslynAnalysisRunner static constructor.
RoslynAnalysisRunner will not be running.
RoslynAnalysisRunner has terminated.
Mono: successfully reloaded assembly
- Completed reload, in  0.582 seconds
Platform modules already initialized, skipping
Refreshing native plugins compatible for Editor in 0.19 ms, found 0 plugins.
Preloading 0 native plugins for Editor in 0.00 ms.
Unloading 1097 Unused Serialized files (Serialized files now loaded: 0)
System memory in use before: 57.6 MB.
System memory in use after: 57.7 MB.

Unloading 5 unused Assets to reduce memory usage. Loaded Objects now: 1573.
Total: 1.570700 ms (FindLiveObjects: 0.162800 ms CreateObjectMapping: 0.026200 ms MarkObjects: 1.332500 ms  DeleteObjects: 0.048200 ms)

AssetImportWorkerClient::OnTransportError - code=2 error=End of file
