Using pre-set license
Built from '2020.2/release' branch; Version is '2020.2.2f1 (068178b99f32) revision 426360'; Using compiler version '192528614'; Build Type 'Release'
OS: 'Windows 10 Pro; OS build 19041.746; Version 2004; 64bit' Language: 'nl' Physical Memory: 16309 MB
BatchMode: 1, IsHumanControllingUs: 0, StartBugReporterOnCrash: 0, Is64bit: 1, IsPro: 0

 COMMAND LINE ARGUMENTS:
C:\Program Files\Unity\Hub\Editor\2020.2.2f1\Editor\Unity.exe
-adb2
-batchMode
-noUpm
-name
AssetImportWorker0
-projectPath
D:/Documents/unityProjects/Berend-Opdrachten/HealthSystem
-logFile
Logs/AssetImportWorker0.log
-srvPort
53407
Successfully changed project path to: D:/Documents/unityProjects/Berend-Opdrachten/HealthSystem
D:/Documents/unityProjects/Berend-Opdrachten/HealthSystem
Using Asset Import Pipeline V2.
Refreshing native plugins compatible for Editor in 19.15 ms, found 0 plugins.
Preloading 0 native plugins for Editor in 0.00 ms.
Initialize engine version: 2020.2.2f1 (068178b99f32)
[Subsystems] Discovering subsystems at path C:/Program Files/Unity/Hub/Editor/2020.2.2f1/Editor/Data/Resources/UnitySubsystems
[Subsystems] Discovering subsystems at path D:/Documents/unityProjects/Berend-Opdrachten/HealthSystem/Assets
GfxDevice: creating device client; threaded=0
Direct3D:
    Version:  Direct3D 11.0 [level 11.1]
    Renderer: NVIDIA GeForce RTX 2070 SUPER (ID=0x1e84)
    Vendor:   
    VRAM:     8011 MB
    Driver:   27.21.14.6079
Initialize mono
Mono path[0] = 'C:/Program Files/Unity/Hub/Editor/2020.2.2f1/Editor/Data/Managed'
Mono path[1] = 'C:/Program Files/Unity/Hub/Editor/2020.2.2f1/Editor/Data/MonoBleedingEdge/lib/mono/unityjit'
Mono config path = 'C:/Program Files/Unity/Hub/Editor/2020.2.2f1/Editor/Data/MonoBleedingEdge/etc'
Using monoOptions --debugger-agent=transport=dt_socket,embedding=1,server=y,suspend=n,address=127.0.0.1:56200
Begin MonoManager ReloadAssembly
Registering precompiled unity dll's ...
Register platform support module: C:/Program Files/Unity/Hub/Editor/2020.2.2f1/Editor/Data/PlaybackEngines/WebGLSupport/UnityEditor.WebGL.Extensions.dll
Register platform support module: C:/Program Files/Unity/Hub/Editor/2020.2.2f1/Editor/Data/PlaybackEngines/WindowsStandaloneSupport/UnityEditor.WindowsStandalone.Extensions.dll
Registered in 0.001770 seconds.
Native extension for WindowsStandalone target not found
Native extension for WebGL target not found
Refreshing native plugins compatible for Editor in 19.58 ms, found 0 plugins.
Preloading 0 native plugins for Editor in 0.00 ms.
Invoked RoslynAnalysisRunner static constructor.
RoslynAnalysisRunner will not be running.
RoslynAnalysisRunner has terminated.
Mono: successfully reloaded assembly
- Completed reload, in  0.906 seconds
Platform modules already initialized, skipping
Registering precompiled user dll's ...
Registered in 0.000323 seconds.
Begin MonoManager ReloadAssembly
Native extension for WindowsStandalone target not found
Native extension for WebGL target not found
Refreshing native plugins compatible for Editor in 0.19 ms, found 0 plugins.
Preloading 0 native plugins for Editor in 0.00 ms.
Invoked RoslynAnalysisRunner static constructor.
RoslynAnalysisRunner will not be running.
RoslynAnalysisRunner has terminated.
Mono: successfully reloaded assembly
- Completed reload, in  0.639 seconds
Platform modules already initialized, skipping
========================================================================
Worker process is ready to serve import requests
Launched and connected shader compiler UnityShaderCompiler.exe after 0.03 seconds
Refreshing native plugins compatible for Editor in 0.25 ms, found 0 plugins.
Preloading 0 native plugins for Editor in 0.00 ms.
Unloading 1103 Unused Serialized files (Serialized files now loaded: 0)
System memory in use before: 56.8 MB.
System memory in use after: 56.8 MB.

Unloading 10 unused Assets to reduce memory usage. Loaded Objects now: 1545.
Total: 1.688300 ms (FindLiveObjects: 0.213400 ms CreateObjectMapping: 0.035000 ms MarkObjects: 1.370800 ms  DeleteObjects: 0.067600 ms)

========================================================================
Received Import Request.
  path: Assets/Scripts/PlayerClickListener.cs
  artifactKey: Guid(a9a22335d582b15478b6c486ba893863) Importer(815301076,1909f56bfc062723c751e8b465ee728b)
Start importing Assets/Scripts/PlayerClickListener.cs using Guid(a9a22335d582b15478b6c486ba893863) Importer(815301076,1909f56bfc062723c751e8b465ee728b)  -> (artifact id: '85193e8ebb5018291d62be93461946c0') in 0.022933 seconds
  Import took 0.024707 seconds .

========================================================================
Received Import Request.
  Time since last request: 18.878017 seconds.
  path: Assets/Scripts/PlayerClickListener.cs
  artifactKey: Guid(a9a22335d582b15478b6c486ba893863) Importer(815301076,1909f56bfc062723c751e8b465ee728b)
Start importing Assets/Scripts/PlayerClickListener.cs using Guid(a9a22335d582b15478b6c486ba893863) Importer(815301076,1909f56bfc062723c751e8b465ee728b)  -> (artifact id: '3d6a79b23f52aed9eb0d7e5a2c0b486a') in 0.002152 seconds
  Import took 0.003952 seconds .

========================================================================
Received Prepare
Registering precompiled user dll's ...
Registered in 0.000347 seconds.
Begin MonoManager ReloadAssembly
Native extension for WindowsStandalone target not found
Native extension for WebGL target not found
Refreshing native plugins compatible for Editor in 0.23 ms, found 0 plugins.
Preloading 0 native plugins for Editor in 0.00 ms.
Invoked RoslynAnalysisRunner static constructor.
RoslynAnalysisRunner will not be running.
RoslynAnalysisRunner has terminated.
Mono: successfully reloaded assembly
- Completed reload, in  0.599 seconds
Platform modules already initialized, skipping
Refreshing native plugins compatible for Editor in 0.18 ms, found 0 plugins.
Preloading 0 native plugins for Editor in 0.00 ms.
Unloading 1098 Unused Serialized files (Serialized files now loaded: 0)
System memory in use before: 56.9 MB.
System memory in use after: 56.9 MB.

Unloading 5 unused Assets to reduce memory usage. Loaded Objects now: 1547.
Total: 1.294700 ms (FindLiveObjects: 0.134100 ms CreateObjectMapping: 0.024000 ms MarkObjects: 1.093700 ms  DeleteObjects: 0.041900 ms)

========================================================================
Received Prepare
Registering precompiled user dll's ...
Registered in 0.000409 seconds.
Begin MonoManager ReloadAssembly
Native extension for WindowsStandalone target not found
Native extension for WebGL target not found
Refreshing native plugins compatible for Editor in 0.19 ms, found 0 plugins.
Preloading 0 native plugins for Editor in 0.00 ms.
Invoked RoslynAnalysisRunner static constructor.
RoslynAnalysisRunner will not be running.
RoslynAnalysisRunner has terminated.
Mono: successfully reloaded assembly
- Completed reload, in  0.591 seconds
Platform modules already initialized, skipping
Refreshing native plugins compatible for Editor in 0.18 ms, found 0 plugins.
Preloading 0 native plugins for Editor in 0.00 ms.
Unloading 1098 Unused Serialized files (Serialized files now loaded: 0)
System memory in use before: 57.0 MB.
System memory in use after: 57.1 MB.

Unloading 5 unused Assets to reduce memory usage. Loaded Objects now: 1549.
Total: 1.404100 ms (FindLiveObjects: 0.125100 ms CreateObjectMapping: 0.022900 ms MarkObjects: 1.199800 ms  DeleteObjects: 0.054900 ms)

========================================================================
Received Prepare
Registering precompiled user dll's ...
Registered in 0.000409 seconds.
Begin MonoManager ReloadAssembly
Native extension for WindowsStandalone target not found
Native extension for WebGL target not found
Refreshing native plugins compatible for Editor in 0.19 ms, found 0 plugins.
Preloading 0 native plugins for Editor in 0.00 ms.
Invoked RoslynAnalysisRunner static constructor.
RoslynAnalysisRunner will not be running.
RoslynAnalysisRunner has terminated.
Mono: successfully reloaded assembly
- Completed reload, in  0.584 seconds
Platform modules already initialized, skipping
Refreshing native plugins compatible for Editor in 0.19 ms, found 0 plugins.
Preloading 0 native plugins for Editor in 0.00 ms.
Unloading 1098 Unused Serialized files (Serialized files now loaded: 0)
System memory in use before: 57.1 MB.
System memory in use after: 57.2 MB.

Unloading 5 unused Assets to reduce memory usage. Loaded Objects now: 1551.
Total: 1.312500 ms (FindLiveObjects: 0.142000 ms CreateObjectMapping: 0.026700 ms MarkObjects: 1.101000 ms  DeleteObjects: 0.041800 ms)

========================================================================
Received Import Request.
  Time since last request: 46.951411 seconds.
  path: Assets/Scripts/HealthRenderer.cs
  artifactKey: Guid(79c318fad4356e14cb6c7a33b88a6f21) Importer(815301076,1909f56bfc062723c751e8b465ee728b)
Start importing Assets/Scripts/HealthRenderer.cs using Guid(79c318fad4356e14cb6c7a33b88a6f21) Importer(815301076,1909f56bfc062723c751e8b465ee728b)  -> (artifact id: '6f0c761ad45e9de654cf3238f742e10d') in 0.006325 seconds
  Import took 0.007901 seconds .

========================================================================
Received Import Request.
  Time since last request: 0.255161 seconds.
  path: Assets/Scripts/Health.cs
  artifactKey: Guid(8e21b38f60da4df44ab989894f02eea8) Importer(815301076,1909f56bfc062723c751e8b465ee728b)
Start importing Assets/Scripts/Health.cs using Guid(8e21b38f60da4df44ab989894f02eea8) Importer(815301076,1909f56bfc062723c751e8b465ee728b)  -> (artifact id: 'ff246f31d2aec9f773b62ba435745668') in 0.004798 seconds
  Import took 0.006498 seconds .

========================================================================
Received Import Request.
  Time since last request: 187.463785 seconds.
  path: Assets/Scripts/Health
  artifactKey: Guid(86b16c2d7cbd8504dbb538e1b41b16cf) Importer(815301076,1909f56bfc062723c751e8b465ee728b)
Start importing Assets/Scripts/Health using Guid(86b16c2d7cbd8504dbb538e1b41b16cf) Importer(815301076,1909f56bfc062723c751e8b465ee728b)  -> (artifact id: '1b5bdddcef8d3a296c8edad59950e4da') in 0.002073 seconds
  Import took 0.003812 seconds .

========================================================================
Received Import Request.
  Time since last request: 3.405430 seconds.
  path: Assets/Scripts/HealthInput.cs
  artifactKey: Guid(beefa911f1900c04c986bb41a54ca23a) Importer(815301076,1909f56bfc062723c751e8b465ee728b)
Start importing Assets/Scripts/HealthInput.cs using Guid(beefa911f1900c04c986bb41a54ca23a) Importer(815301076,1909f56bfc062723c751e8b465ee728b)  -> (artifact id: '4dc27ce31fbb818b89cae89b5bab0772') in 0.004776 seconds
  Import took 0.006365 seconds .

========================================================================
Received Prepare
Registering precompiled user dll's ...
Registered in 0.000356 seconds.
Begin MonoManager ReloadAssembly
Native extension for WindowsStandalone target not found
Native extension for WebGL target not found
Refreshing native plugins compatible for Editor in 0.18 ms, found 0 plugins.
Preloading 0 native plugins for Editor in 0.00 ms.
Invoked RoslynAnalysisRunner static constructor.
RoslynAnalysisRunner will not be running.
RoslynAnalysisRunner has terminated.
Mono: successfully reloaded assembly
- Completed reload, in  0.582 seconds
Platform modules already initialized, skipping
Refreshing native plugins compatible for Editor in 0.20 ms, found 0 plugins.
Preloading 0 native plugins for Editor in 0.00 ms.
Unloading 1098 Unused Serialized files (Serialized files now loaded: 0)
System memory in use before: 57.3 MB.
System memory in use after: 57.3 MB.

Unloading 5 unused Assets to reduce memory usage. Loaded Objects now: 1553.
Total: 1.399000 ms (FindLiveObjects: 0.138600 ms CreateObjectMapping: 0.070100 ms MarkObjects: 1.148500 ms  DeleteObjects: 0.040600 ms)

========================================================================
Received Import Request.
  Time since last request: 9.921825 seconds.
  path: Assets/Scripts/Canvas
  artifactKey: Guid(fcf533126c0a9be46a708e4facb77df4) Importer(815301076,1909f56bfc062723c751e8b465ee728b)
Start importing Assets/Scripts/Canvas using Guid(fcf533126c0a9be46a708e4facb77df4) Importer(815301076,1909f56bfc062723c751e8b465ee728b)  -> (artifact id: 'bf9d5e5b703efbbeef3e6b91ec5b8983') in 0.006738 seconds
  Import took 0.008421 seconds .

========================================================================
Received Import Request.
  Time since last request: 7.724130 seconds.
  path: Assets/Scripts/Canvas/CanvasShowAndHide.cs
  artifactKey: Guid(51cc4cc597e03374d89cff95eeafae26) Importer(815301076,1909f56bfc062723c751e8b465ee728b)
Start importing Assets/Scripts/Canvas/CanvasShowAndHide.cs using Guid(51cc4cc597e03374d89cff95eeafae26) Importer(815301076,1909f56bfc062723c751e8b465ee728b)  -> (artifact id: '9a0490dd1caff419dd652b6669d79d06') in 0.004938 seconds
  Import took 0.006613 seconds .

========================================================================
Received Prepare
Registering precompiled user dll's ...
Registered in 0.000342 seconds.
Begin MonoManager ReloadAssembly
Native extension for WindowsStandalone target not found
Native extension for WebGL target not found
Refreshing native plugins compatible for Editor in 0.18 ms, found 0 plugins.
Preloading 0 native plugins for Editor in 0.00 ms.
Invoked RoslynAnalysisRunner static constructor.
RoslynAnalysisRunner will not be running.
RoslynAnalysisRunner has terminated.
Mono: successfully reloaded assembly
- Completed reload, in  0.591 seconds
Platform modules already initialized, skipping
Refreshing native plugins compatible for Editor in 0.19 ms, found 0 plugins.
Preloading 0 native plugins for Editor in 0.00 ms.
Unloading 1099 Unused Serialized files (Serialized files now loaded: 0)
System memory in use before: 57.4 MB.
System memory in use after: 57.5 MB.

Unloading 5 unused Assets to reduce memory usage. Loaded Objects now: 1556.
Total: 2.029700 ms (FindLiveObjects: 0.265300 ms CreateObjectMapping: 0.039100 ms MarkObjects: 1.677700 ms  DeleteObjects: 0.046800 ms)

========================================================================
Received Prepare
Registering precompiled user dll's ...
Registered in 0.000330 seconds.
Begin MonoManager ReloadAssembly
Native extension for WindowsStandalone target not found
Native extension for WebGL target not found
Refreshing native plugins compatible for Editor in 0.18 ms, found 0 plugins.
Preloading 0 native plugins for Editor in 0.00 ms.
Invoked RoslynAnalysisRunner static constructor.
RoslynAnalysisRunner will not be running.
RoslynAnalysisRunner has terminated.
Mono: successfully reloaded assembly
- Completed reload, in  0.588 seconds
Platform modules already initialized, skipping
Refreshing native plugins compatible for Editor in 0.21 ms, found 0 plugins.
Preloading 0 native plugins for Editor in 0.00 ms.
Unloading 1099 Unused Serialized files (Serialized files now loaded: 0)
System memory in use before: 57.6 MB.
System memory in use after: 57.6 MB.

Unloading 5 unused Assets to reduce memory usage. Loaded Objects now: 1558.
Total: 1.381000 ms (FindLiveObjects: 0.158600 ms CreateObjectMapping: 0.027700 ms MarkObjects: 1.153600 ms  DeleteObjects: 0.040400 ms)

========================================================================
Received Prepare
Registering precompiled user dll's ...
Registered in 0.000502 seconds.
Begin MonoManager ReloadAssembly
Native extension for WindowsStandalone target not found
Native extension for WebGL target not found
Refreshing native plugins compatible for Editor in 0.18 ms, found 0 plugins.
Preloading 0 native plugins for Editor in 0.00 ms.
Invoked RoslynAnalysisRunner static constructor.
RoslynAnalysisRunner will not be running.
RoslynAnalysisRunner has terminated.
Mono: successfully reloaded assembly
- Completed reload, in  0.566 seconds
Platform modules already initialized, skipping
Refreshing native plugins compatible for Editor in 0.17 ms, found 0 plugins.
Preloading 0 native plugins for Editor in 0.00 ms.
Unloading 1099 Unused Serialized files (Serialized files now loaded: 0)
System memory in use before: 57.7 MB.
System memory in use after: 57.8 MB.

Unloading 5 unused Assets to reduce memory usage. Loaded Objects now: 1560.
Total: 1.580800 ms (FindLiveObjects: 0.141600 ms CreateObjectMapping: 0.029200 ms MarkObjects: 1.364600 ms  DeleteObjects: 0.044400 ms)

========================================================================
Received Import Request.
  Time since last request: 164.449002 seconds.
  path: Assets/Scripts/Camera
  artifactKey: Guid(53837119e9102e2489e5a81f6e394126) Importer(815301076,1909f56bfc062723c751e8b465ee728b)
Start importing Assets/Scripts/Camera using Guid(53837119e9102e2489e5a81f6e394126) Importer(815301076,1909f56bfc062723c751e8b465ee728b)  -> (artifact id: '70e1d202e710392e50560f733fdccb56') in 0.006689 seconds
  Import took 0.008406 seconds .

========================================================================
Received Import Request.
  Time since last request: 7.267834 seconds.
  path: Assets/Scripts/Camera/CameraShake.cs
  artifactKey: Guid(8655bf4111a97fd40aabd25b1848d921) Importer(815301076,1909f56bfc062723c751e8b465ee728b)
Start importing Assets/Scripts/Camera/CameraShake.cs using Guid(8655bf4111a97fd40aabd25b1848d921) Importer(815301076,1909f56bfc062723c751e8b465ee728b)  -> (artifact id: '4223377d343430de9808f4e097a86381') in 0.005203 seconds
  Import took 0.006981 seconds .

========================================================================
Received Prepare
Registering precompiled user dll's ...
Registered in 0.000361 seconds.
Begin MonoManager ReloadAssembly
Native extension for WindowsStandalone target not found
Native extension for WebGL target not found
Refreshing native plugins compatible for Editor in 0.18 ms, found 0 plugins.
Preloading 0 native plugins for Editor in 0.00 ms.
Invoked RoslynAnalysisRunner static constructor.
RoslynAnalysisRunner will not be running.
RoslynAnalysisRunner has terminated.
Mono: successfully reloaded assembly
- Completed reload, in  0.585 seconds
Platform modules already initialized, skipping
Refreshing native plugins compatible for Editor in 0.19 ms, found 0 plugins.
Preloading 0 native plugins for Editor in 0.00 ms.
Unloading 1100 Unused Serialized files (Serialized files now loaded: 0)
System memory in use before: 57.7 MB.
System memory in use after: 57.8 MB.

Unloading 5 unused Assets to reduce memory usage. Loaded Objects now: 1563.
Total: 1.597600 ms (FindLiveObjects: 0.147500 ms CreateObjectMapping: 0.023900 ms MarkObjects: 1.380600 ms  DeleteObjects: 0.044600 ms)

========================================================================
Received Prepare
Registering precompiled user dll's ...
Registered in 0.000553 seconds.
Begin MonoManager ReloadAssembly
Native extension for WindowsStandalone target not found
Native extension for WebGL target not found
Refreshing native plugins compatible for Editor in 0.19 ms, found 0 plugins.
Preloading 0 native plugins for Editor in 0.00 ms.
Invoked RoslynAnalysisRunner static constructor.
RoslynAnalysisRunner will not be running.
RoslynAnalysisRunner has terminated.
Mono: successfully reloaded assembly
- Completed reload, in  0.594 seconds
Platform modules already initialized, skipping
Refreshing native plugins compatible for Editor in 0.18 ms, found 0 plugins.
Preloading 0 native plugins for Editor in 0.00 ms.
Unloading 1100 Unused Serialized files (Serialized files now loaded: 0)
System memory in use before: 58.0 MB.
System memory in use after: 58.0 MB.

Unloading 5 unused Assets to reduce memory usage. Loaded Objects now: 1565.
Total: 1.408900 ms (FindLiveObjects: 0.146300 ms CreateObjectMapping: 0.024500 ms MarkObjects: 1.193500 ms  DeleteObjects: 0.043800 ms)

========================================================================
Received Prepare
Registering precompiled user dll's ...
Registered in 0.000423 seconds.
Begin MonoManager ReloadAssembly
Native extension for WindowsStandalone target not found
Native extension for WebGL target not found
Refreshing native plugins compatible for Editor in 0.24 ms, found 0 plugins.
Preloading 0 native plugins for Editor in 0.00 ms.
Invoked RoslynAnalysisRunner static constructor.
RoslynAnalysisRunner will not be running.
RoslynAnalysisRunner has terminated.
Mono: successfully reloaded assembly
- Completed reload, in  0.601 seconds
Platform modules already initialized, skipping
Refreshing native plugins compatible for Editor in 0.21 ms, found 0 plugins.
Preloading 0 native plugins for Editor in 0.00 ms.
Unloading 1100 Unused Serialized files (Serialized files now loaded: 0)
System memory in use before: 58.1 MB.
System memory in use after: 58.2 MB.

Unloading 5 unused Assets to reduce memory usage. Loaded Objects now: 1567.
Total: 1.551100 ms (FindLiveObjects: 0.144000 ms CreateObjectMapping: 0.024800 ms MarkObjects: 1.334500 ms  DeleteObjects: 0.046600 ms)

========================================================================
Received Prepare
Registering precompiled user dll's ...
Registered in 0.000375 seconds.
Begin MonoManager ReloadAssembly
Native extension for WindowsStandalone target not found
Native extension for WebGL target not found
Refreshing native plugins compatible for Editor in 0.18 ms, found 0 plugins.
Preloading 0 native plugins for Editor in 0.00 ms.
Invoked RoslynAnalysisRunner static constructor.
RoslynAnalysisRunner will not be running.
RoslynAnalysisRunner has terminated.
Mono: successfully reloaded assembly
- Completed reload, in  0.582 seconds
Platform modules already initialized, skipping
Refreshing native plugins compatible for Editor in 0.18 ms, found 0 plugins.
Preloading 0 native plugins for Editor in 0.00 ms.
Unloading 1100 Unused Serialized files (Serialized files now loaded: 0)
System memory in use before: 58.2 MB.
System memory in use after: 58.3 MB.

Unloading 5 unused Assets to reduce memory usage. Loaded Objects now: 1569.
Total: 1.682700 ms (FindLiveObjects: 0.243600 ms CreateObjectMapping: 0.038600 ms MarkObjects: 1.354800 ms  DeleteObjects: 0.043300 ms)

========================================================================
Received Prepare
Registering precompiled user dll's ...
Registered in 0.000654 seconds.
Begin MonoManager ReloadAssembly
Native extension for WindowsStandalone target not found
Native extension for WebGL target not found
Refreshing native plugins compatible for Editor in 0.20 ms, found 0 plugins.
Preloading 0 native plugins for Editor in 0.00 ms.
Invoked RoslynAnalysisRunner static constructor.
RoslynAnalysisRunner will not be running.
RoslynAnalysisRunner has terminated.
Mono: successfully reloaded assembly
- Completed reload, in  0.589 seconds
Platform modules already initialized, skipping
Refreshing native plugins compatible for Editor in 0.20 ms, found 0 plugins.
Preloading 0 native plugins for Editor in 0.00 ms.
Unloading 1100 Unused Serialized files (Serialized files now loaded: 0)
System memory in use before: 58.3 MB.
System memory in use after: 58.4 MB.

Unloading 5 unused Assets to reduce memory usage. Loaded Objects now: 1571.
Total: 1.453000 ms (FindLiveObjects: 0.148900 ms CreateObjectMapping: 0.027800 ms MarkObjects: 1.231500 ms  DeleteObjects: 0.043900 ms)

========================================================================
Received Prepare
Registering precompiled user dll's ...
Registered in 0.000387 seconds.
Begin MonoManager ReloadAssembly
Native extension for WindowsStandalone target not found
Native extension for WebGL target not found
Refreshing native plugins compatible for Editor in 0.22 ms, found 0 plugins.
Preloading 0 native plugins for Editor in 0.00 ms.
Invoked RoslynAnalysisRunner static constructor.
RoslynAnalysisRunner will not be running.
RoslynAnalysisRunner has terminated.
Mono: successfully reloaded assembly
- Completed reload, in  0.603 seconds
Platform modules already initialized, skipping
Refreshing native plugins compatible for Editor in 0.19 ms, found 0 plugins.
Preloading 0 native plugins for Editor in 0.00 ms.
Unloading 1100 Unused Serialized files (Serialized files now loaded: 0)
System memory in use before: 58.5 MB.
System memory in use after: 58.5 MB.

Unloading 5 unused Assets to reduce memory usage. Loaded Objects now: 1573.
Total: 1.671100 ms (FindLiveObjects: 0.211200 ms CreateObjectMapping: 0.027200 ms MarkObjects: 1.383300 ms  DeleteObjects: 0.047200 ms)

========================================================================
Received Import Request.
  Time since last request: 318.506108 seconds.
  path: Assets/impactSoft_heavy_003.ogg
  artifactKey: Guid(aa7dc67fafea13e499b870cae516ab1d) Importer(815301076,1909f56bfc062723c751e8b465ee728b)
Start importing Assets/impactSoft_heavy_003.ogg using Guid(aa7dc67fafea13e499b870cae516ab1d) Importer(815301076,1909f56bfc062723c751e8b465ee728b)  -> (artifact id: '11d95af9563d96ae9efdf74ada79e440') in 0.062548 seconds
  Import took 0.064225 seconds .

========================================================================
Received Import Request.
  Time since last request: 3.578254 seconds.
  path: Assets/Sounds
  artifactKey: Guid(178578fc2207a00469ac7c59ce4b1bdc) Importer(815301076,1909f56bfc062723c751e8b465ee728b)
Start importing Assets/Sounds using Guid(178578fc2207a00469ac7c59ce4b1bdc) Importer(815301076,1909f56bfc062723c751e8b465ee728b)  -> (artifact id: '0157d18c5e2ea8cf81abde96b2661bca') in 0.004724 seconds
  Import took 0.006608 seconds .

========================================================================
Received Import Request.
  Time since last request: 10.723684 seconds.
  path: Assets/Scripts/SoundPlayer.cs
  artifactKey: Guid(1dff424d84e753d43acd976fb1f85ee2) Importer(815301076,1909f56bfc062723c751e8b465ee728b)
Start importing Assets/Scripts/SoundPlayer.cs using Guid(1dff424d84e753d43acd976fb1f85ee2) Importer(815301076,1909f56bfc062723c751e8b465ee728b)  -> (artifact id: 'c3da84c3b1e53607b2bb00a421ce98e1') in 0.004751 seconds
  Import took 0.006719 seconds .

========================================================================
Received Prepare
Registering precompiled user dll's ...
Registered in 0.000351 seconds.
Begin MonoManager ReloadAssembly
Native extension for WindowsStandalone target not found
Native extension for WebGL target not found
Refreshing native plugins compatible for Editor in 0.21 ms, found 0 plugins.
Preloading 0 native plugins for Editor in 0.00 ms.
Invoked RoslynAnalysisRunner static constructor.
RoslynAnalysisRunner will not be running.
RoslynAnalysisRunner has terminated.
Mono: successfully reloaded assembly
- Completed reload, in  0.591 seconds
Platform modules already initialized, skipping
Refreshing native plugins compatible for Editor in 0.19 ms, found 0 plugins.
Preloading 0 native plugins for Editor in 0.00 ms.
Unloading 1101 Unused Serialized files (Serialized files now loaded: 0)
System memory in use before: 61.8 MB.
System memory in use after: 61.8 MB.

Unloading 5 unused Assets to reduce memory usage. Loaded Objects now: 1585.
Total: 1.515000 ms (FindLiveObjects: 0.164100 ms CreateObjectMapping: 0.028100 ms MarkObjects: 1.279500 ms  DeleteObjects: 0.041900 ms)

========================================================================
Received Import Request.
  Time since last request: 24.553172 seconds.
  path: Assets/Scripts/SoundPlayer.cs
  artifactKey: Guid(1dff424d84e753d43acd976fb1f85ee2) Importer(815301076,1909f56bfc062723c751e8b465ee728b)
Start importing Assets/Scripts/SoundPlayer.cs using Guid(1dff424d84e753d43acd976fb1f85ee2) Importer(815301076,1909f56bfc062723c751e8b465ee728b)  -> (artifact id: '274befea623535f8dfe7e67b7b4a2037') in 0.004293 seconds
  Import took 0.006201 seconds .

========================================================================
Received Prepare
Registering precompiled user dll's ...
Registered in 0.000402 seconds.
Begin MonoManager ReloadAssembly
Native extension for WindowsStandalone target not found
Native extension for WebGL target not found
Refreshing native plugins compatible for Editor in 0.18 ms, found 0 plugins.
Preloading 0 native plugins for Editor in 0.00 ms.
Invoked RoslynAnalysisRunner static constructor.
RoslynAnalysisRunner will not be running.
RoslynAnalysisRunner has terminated.
Mono: successfully reloaded assembly
- Completed reload, in  0.588 seconds
Platform modules already initialized, skipping
Refreshing native plugins compatible for Editor in 0.19 ms, found 0 plugins.
Preloading 0 native plugins for Editor in 0.00 ms.
Unloading 1101 Unused Serialized files (Serialized files now loaded: 0)
System memory in use before: 61.9 MB.
System memory in use after: 62.0 MB.

Unloading 5 unused Assets to reduce memory usage. Loaded Objects now: 1587.
Total: 1.609000 ms (FindLiveObjects: 0.164200 ms CreateObjectMapping: 0.027800 ms MarkObjects: 1.371400 ms  DeleteObjects: 0.044600 ms)

========================================================================
Received Prepare
Registering precompiled user dll's ...
Registered in 0.000363 seconds.
Begin MonoManager ReloadAssembly
Native extension for WindowsStandalone target not found
Native extension for WebGL target not found
Refreshing native plugins compatible for Editor in 0.20 ms, found 0 plugins.
Preloading 0 native plugins for Editor in 0.00 ms.
Invoked RoslynAnalysisRunner static constructor.
RoslynAnalysisRunner will not be running.
RoslynAnalysisRunner has terminated.
Mono: successfully reloaded assembly
- Completed reload, in  0.586 seconds
Platform modules already initialized, skipping
Refreshing native plugins compatible for Editor in 0.18 ms, found 0 plugins.
Preloading 0 native plugins for Editor in 0.00 ms.
Unloading 1101 Unused Serialized files (Serialized files now loaded: 0)
System memory in use before: 61.9 MB.
System memory in use after: 62.0 MB.

Unloading 5 unused Assets to reduce memory usage. Loaded Objects now: 1589.
Total: 1.551200 ms (FindLiveObjects: 0.129400 ms CreateObjectMapping: 0.025000 ms MarkObjects: 1.357200 ms  DeleteObjects: 0.038700 ms)

